<?xml version="1.0" encoding="UTF-8"?>
<!-- Generated by org.testng.reporters.JUnitReportReporter -->
<testsuite skipped="0" hostname="INL-7TVF2G2" name="com.qa.test.PostApiTest" tests="1" failures="0" timestamp="15 Jun 2019 05:57:52 GMT" time="4.866" errors="0">
  <testcase name="registrationForm" time="4.866" classname="com.qa.test.PostApiTest"/>
</testsuite> <!-- com.qa.test.PostApiTest -->
