<?xml version="1.0" encoding="UTF-8"?>
<!-- Generated by org.testng.reporters.JUnitReportReporter -->
<testsuite skipped="0" hostname="INL-7TVF2G2" name="com.qa.test.vhvv" tests="1" failures="0" timestamp="14 Jun 2019 12:46:33 GMT" time="0.019" errors="0">
  <testcase name="test" time="0.019" classname="com.qa.test.vhvv"/>
</testsuite> <!-- com.qa.test.vhvv -->
