<?xml version="1.0" encoding="UTF-8"?>
<!-- Generated by org.testng.reporters.JUnitReportReporter -->
<testsuite skipped="0" hostname="INL-7TVF2G2" name="com.qa.employee.testcases.DeleteEmployees" tests="4" failures="0" timestamp="20 Jun 2019 13:08:35 GMT" time="0.006" errors="0">
  <testcase name="getStatusTime" time="0.002" classname="com.qa.employee.testcases.DeleteEmployees"/>
  <testcase name="getResonseBody" time="0.002" classname="com.qa.employee.testcases.DeleteEmployees"/>
  <testcase name="getStatusLine" time="0.001" classname="com.qa.employee.testcases.DeleteEmployees"/>
  <testcase name="getStatusCode" time="0.001" classname="com.qa.employee.testcases.DeleteEmployees"/>
</testsuite> <!-- com.qa.employee.testcases.DeleteEmployees -->
