<?xml version="1.0" encoding="UTF-8"?>
<!-- Generated by org.testng.reporters.JUnitReportReporter -->
<testsuite skipped="0" hostname="INL-7TVF2G2" name="com.qa.test.GetApiWithAuthorisationKey" tests="1" failures="0" timestamp="16 Jun 2019 02:23:40 GMT" time="3.979" errors="0">
  <testcase name="getResponeWithAuth" time="3.979" classname="com.qa.test.GetApiWithAuthorisationKey"/>
</testsuite> <!-- com.qa.test.GetApiWithAuthorisationKey -->
