<?xml version="1.0" encoding="UTF-8"?>
<!-- Generated by org.testng.reporters.JUnitReportReporter -->
<testsuite skipped="0" hostname="INL-7TVF2G2" name="com.qa.employee.testcases.PostEmployeeDetails" tests="6" failures="0" timestamp="20 Jun 2019 13:08:35 GMT" time="0.017" errors="0">
  <testcase name="checkServerType" time="0.002" classname="com.qa.employee.testcases.PostEmployeeDetails"/>
  <testcase name="getStatusLine" time="0.002" classname="com.qa.employee.testcases.PostEmployeeDetails"/>
  <testcase name="getStatusCode" time="0.001" classname="com.qa.employee.testcases.PostEmployeeDetails"/>
  <testcase name="contentLength" time="0.002" classname="com.qa.employee.testcases.PostEmployeeDetails"/>
  <testcase name="getResponseBody" time="0.005" classname="com.qa.employee.testcases.PostEmployeeDetails"/>
  <testcase name="checkContentType" time="0.005" classname="com.qa.employee.testcases.PostEmployeeDetails"/>
</testsuite> <!-- com.qa.employee.testcases.PostEmployeeDetails -->
