<?xml version="1.0" encoding="UTF-8"?>
<!-- Generated by org.testng.reporters.JUnitReportReporter -->
<testsuite skipped="0" hostname="INL-7TVF2G2" name="com.qa.test.GetRequestWithHeader" tests="1" failures="0" timestamp="16 Jun 2019 02:11:18 GMT" time="5.986" errors="0">
  <testcase name="getGoogleMapApi" time="5.986" classname="com.qa.test.GetRequestWithHeader"/>
</testsuite> <!-- com.qa.test.GetRequestWithHeader -->
