<?xml version="1.0" encoding="UTF-8"?>
<!-- Generated by org.testng.reporters.JUnitReportReporter -->
<testsuite skipped="0" hostname="INL-7TVF2G2" name="com.qa.test.GetApiRequest" tests="1" failures="0" timestamp="17 Jun 2019 07:10:41 GMT" time="7.943" errors="0">
  <testcase name="getweatherDetails" time="7.943" classname="com.qa.test.GetApiRequest"/>
</testsuite> <!-- com.qa.test.GetApiRequest -->
