<?xml version="1.0" encoding="UTF-8"?>
<!-- Generated by org.testng.reporters.JUnitReportReporter -->
<testsuite skipped="1" hostname="INL-7TVF2G2" name="com.qa.datadriventest.DataDrivenAPIRequest" tests="1" failures="0" timestamp="18 Jun 2019 09:24:07 GMT" time="0.000" errors="0">
  <testcase name="postNewEmployes" time="0.000" classname="com.qa.datadriventest.DataDrivenAPIRequest">
    <skipped/>
  </testcase> <!-- postNewEmployes -->
</testsuite> <!-- com.qa.datadriventest.DataDrivenAPIRequest -->
